2025-10-27 21:30:09.030 [main] INFO  com.UI.config.ConfigManager - Configuration properties loaded successfully
2025-10-27 21:30:09.291 [main] INFO  com.UI.reports.ExtentReportManager - ExtentReports initialized. Report will be saved to: test-output/reports\TestReport_20251027_213009.html
2025-10-27 21:30:09.291 [main] INFO  com.UI.tests.LoginTest - Test Suite setup completed
2025-10-27 21:30:09.329 [main] INFO  com.UI.tests.LoginTest - Starting test: testSuccessfulLogin
2025-10-27 21:30:09.329 [main] INFO  com.UI.drivers.DriverManager - Initializing WebDriver: Browser=chrome, Mode=local, Headless=false
2025-10-27 21:30:17.715 [main] INFO  com.UI.drivers.DriverManager - WebDriver initialized successfully
2025-10-27 21:30:21.542 [main] ERROR com.UI.tests.LoginTest - Test failed: testSuccessfulLogin
2025-10-27 21:30:21.542 [main] ERROR com.UI.tests.LoginTest - Failure reason: unknown error: net::ERR_CONNECTION_REFUSED
  (Session info: chrome=141.0.7390.108)
Build info: version: '4.11.0', revision: '040bc5406b'
System info: os.name: 'Windows 11', os.arch: 'amd64', os.version: '10.0', java.version: '11.0.22'
Driver info: org.openqa.selenium.chrome.ChromeDriver
Command: [343dafa57f860c64b4540bbd59f2c1fd, get {url=http://10.119.32.127:8084/da/}]
Capabilities {acceptInsecureCerts: false, browserName: chrome, browserVersion: 141.0.7390.108, chrome: {chromedriverVersion: 141.0.7390.122 (b477534e7e1..., userDataDir: C:\Users\rbarik\AppData\Loc...}, fedcm:accounts: true, goog:chromeOptions: {debuggerAddress: localhost:13020}, networkConnectionEnabled: false, pageLoadStrategy: normal, platformName: windows, proxy: Proxy(), se:cdp: ws://localhost:13020/devtoo..., se:cdpVersion: 141.0.7390.108, setWindowRect: true, strictFileInteractability: false, timeouts: {implicit: 0, pageLoad: 300000, script: 30000}, unhandledPromptBehavior: dismiss and notify, webauthn:extension:credBlob: true, webauthn:extension:largeBlob: true, webauthn:extension:minPinLength: true, webauthn:extension:prf: true, webauthn:virtualAuthenticators: true}
Session ID: 343dafa57f860c64b4540bbd59f2c1fd
2025-10-27 21:30:21.799 [main] INFO  com.UI.drivers.DriverManager - WebDriver closed and removed from ThreadLocal
2025-10-27 21:30:21.803 [main] INFO  com.UI.tests.LoginTest - Starting test: testSuccessfulLogin2
2025-10-27 21:30:21.803 [main] INFO  com.UI.drivers.DriverManager - Initializing WebDriver: Browser=chrome, Mode=local, Headless=false
2025-10-27 21:30:22.586 [main] INFO  com.UI.drivers.DriverManager - WebDriver initialized successfully
2025-10-27 21:30:29.975 [main] ERROR com.UI.tests.LoginTest - Test failed: testSuccessfulLogin2
2025-10-27 21:30:29.977 [main] ERROR com.UI.tests.LoginTest - Failure reason: unknown error: net::ERR_CONNECTION_REFUSED
  (Session info: chrome=141.0.7390.108)
Build info: version: '4.11.0', revision: '040bc5406b'
System info: os.name: 'Windows 11', os.arch: 'amd64', os.version: '10.0', java.version: '11.0.22'
Driver info: org.openqa.selenium.chrome.ChromeDriver
Command: [311eb104fbf50b8d2df819f865e6878c, get {url=http://10.119.32.127:8084/da/}]
Capabilities {acceptInsecureCerts: false, browserName: chrome, browserVersion: 141.0.7390.108, chrome: {chromedriverVersion: 141.0.7390.122 (b477534e7e1..., userDataDir: C:\Users\rbarik\AppData\Loc...}, fedcm:accounts: true, goog:chromeOptions: {debuggerAddress: localhost:28728}, networkConnectionEnabled: false, pageLoadStrategy: normal, platformName: windows, proxy: Proxy(), se:cdp: ws://localhost:28728/devtoo..., se:cdpVersion: 141.0.7390.108, setWindowRect: true, strictFileInteractability: false, timeouts: {implicit: 0, pageLoad: 300000, script: 30000}, unhandledPromptBehavior: dismiss and notify, webauthn:extension:credBlob: true, webauthn:extension:largeBlob: true, webauthn:extension:minPinLength: true, webauthn:extension:prf: true, webauthn:virtualAuthenticators: true}
Session ID: 311eb104fbf50b8d2df819f865e6878c
2025-10-27 21:30:30.225 [main] INFO  com.UI.drivers.DriverManager - WebDriver closed and removed from ThreadLocal
2025-10-27 21:30:30.478 [main] INFO  com.UI.reports.ExtentReportManager - ExtentReports flushed to disk
2025-10-27 21:30:30.478 [main] INFO  com.UI.tests.LoginTest - Test Suite completed
2025-10-27 21:32:54.638 [main] INFO  com.UI.config.ConfigManager - Configuration properties loaded successfully
2025-10-27 21:32:54.903 [main] INFO  com.UI.reports.ExtentReportManager - ExtentReports initialized. Report will be saved to: test-output/reports\TestReport_20251027_213254.html
2025-10-27 21:32:54.904 [main] INFO  com.UI.tests.LoginTest - Test Suite setup completed
2025-10-27 21:32:54.953 [main] INFO  com.UI.tests.LoginTest - Starting test: testSuccessfulLogin
2025-10-27 21:32:54.954 [main] INFO  com.UI.drivers.DriverManager - Initializing WebDriver: Browser=chrome, Mode=grid, Headless=false
2025-10-27 21:32:55.853 [main] ERROR com.UI.drivers.DriverManager - Failed to initialize WebDriver
org.openqa.selenium.SessionNotCreatedException: Could not start a new session. Possible causes are invalid address of the remote server or browser start-up failure. 
Host info: host: 'OTX-G2FKLX3', ip: '192.168.29.14'
Build info: version: '4.11.0', revision: '040bc5406b'
System info: os.name: 'Windows 11', os.arch: 'amd64', os.version: '10.0', java.version: '11.0.22'
Driver info: org.openqa.selenium.remote.RemoteWebDriver
Command: [null, newSession {capabilities=[Capabilities {browserName: chrome, goog:chromeOptions: {args: [--remote-allow-origins=*, --no-sandbox, --disable-dev-shm-usage], extensions: []}}]}]
Capabilities {browserName: chrome, goog:chromeOptions: {args: [--remote-allow-origins=*, --no-sandbox, --disable-dev-shm-usage], extensions: []}}
	at org.openqa.selenium.remote.RemoteWebDriver.execute(RemoteWebDriver.java:536) ~[selenium-remote-driver-4.11.0.jar:?]
	at org.openqa.selenium.remote.RemoteWebDriver.startSession(RemoteWebDriver.java:232) ~[selenium-remote-driver-4.11.0.jar:?]
	at org.openqa.selenium.remote.RemoteWebDriver.<init>(RemoteWebDriver.java:159) ~[selenium-remote-driver-4.11.0.jar:?]
	at org.openqa.selenium.remote.RemoteWebDriver.<init>(RemoteWebDriver.java:139) ~[selenium-remote-driver-4.11.0.jar:?]
	at com.UI.drivers.DriverManager.initializeRemoteDriver(DriverManager.java:129) ~[classes/:?]
	at com.UI.drivers.DriverManager.initializeDriver(DriverManager.java:50) ~[classes/:?]
	at com.UI.base.BaseTest.setup(BaseTest.java:65) ~[test-classes/:?]
	at jdk.internal.reflect.NativeMethodAccessorImpl.invoke0(Native Method) ~[?:?]
	at jdk.internal.reflect.NativeMethodAccessorImpl.invoke(NativeMethodAccessorImpl.java:62) ~[?:?]
	at jdk.internal.reflect.DelegatingMethodAccessorImpl.invoke(DelegatingMethodAccessorImpl.java:43) ~[?:?]
	at java.lang.reflect.Method.invoke(Method.java:566) ~[?:?]
	at org.testng.internal.invokers.MethodInvocationHelper.invokeMethod(MethodInvocationHelper.java:139) ~[testng-7.8.0.jar:7.8.0]
	at org.testng.internal.invokers.MethodInvocationHelper.invokeMethodConsideringTimeout(MethodInvocationHelper.java:69) ~[testng-7.8.0.jar:7.8.0]
	at org.testng.internal.invokers.ConfigInvoker.invokeConfigurationMethod(ConfigInvoker.java:390) ~[testng-7.8.0.jar:7.8.0]
	at org.testng.internal.invokers.ConfigInvoker.invokeConfigurations(ConfigInvoker.java:325) ~[testng-7.8.0.jar:7.8.0]
	at org.testng.internal.invokers.TestInvoker.runConfigMethods(TestInvoker.java:810) ~[testng-7.8.0.jar:7.8.0]
	at org.testng.internal.invokers.TestInvoker.invokeMethod(TestInvoker.java:577) ~[testng-7.8.0.jar:7.8.0]
	at org.testng.internal.invokers.TestInvoker.invokeTestMethod(TestInvoker.java:227) ~[testng-7.8.0.jar:7.8.0]
	at org.testng.internal.invokers.MethodRunner.runInSequence(MethodRunner.java:50) ~[testng-7.8.0.jar:7.8.0]
	at org.testng.internal.invokers.TestInvoker$MethodInvocationAgent.invoke(TestInvoker.java:957) ~[testng-7.8.0.jar:7.8.0]
	at org.testng.internal.invokers.TestInvoker.invokeTestMethods(TestInvoker.java:200) ~[testng-7.8.0.jar:7.8.0]
	at org.testng.internal.invokers.TestMethodWorker.invokeTestMethods(TestMethodWorker.java:148) ~[testng-7.8.0.jar:7.8.0]
	at org.testng.internal.invokers.TestMethodWorker.run(TestMethodWorker.java:128) ~[testng-7.8.0.jar:7.8.0]
	at java.util.ArrayList.forEach(ArrayList.java:1541) [?:?]
	at org.testng.TestRunner.privateRun(TestRunner.java:848) [testng-7.8.0.jar:7.8.0]
	at org.testng.TestRunner.run(TestRunner.java:621) [testng-7.8.0.jar:7.8.0]
	at org.testng.SuiteRunner.runTest(SuiteRunner.java:443) [testng-7.8.0.jar:7.8.0]
	at org.testng.SuiteRunner.runSequentially(SuiteRunner.java:437) [testng-7.8.0.jar:7.8.0]
	at org.testng.SuiteRunner.privateRun(SuiteRunner.java:397) [testng-7.8.0.jar:7.8.0]
	at org.testng.SuiteRunner.run(SuiteRunner.java:336) [testng-7.8.0.jar:7.8.0]
	at org.testng.SuiteRunnerWorker.runSuite(SuiteRunnerWorker.java:52) [testng-7.8.0.jar:7.8.0]
	at org.testng.SuiteRunnerWorker.run(SuiteRunnerWorker.java:95) [testng-7.8.0.jar:7.8.0]
	at org.testng.TestNG.runSuitesSequentially(TestNG.java:1280) [testng-7.8.0.jar:7.8.0]
	at org.testng.TestNG.runSuitesLocally(TestNG.java:1200) [testng-7.8.0.jar:7.8.0]
	at org.testng.TestNG.runSuites(TestNG.java:1114) [testng-7.8.0.jar:7.8.0]
	at org.testng.TestNG.run(TestNG.java:1082) [testng-7.8.0.jar:7.8.0]
	at com.intellij.rt.testng.IDEARemoteTestNG.run(IDEARemoteTestNG.java:65) [testng-rt.jar:?]
	at com.intellij.rt.testng.RemoteTestNGStarter.main(RemoteTestNGStarter.java:105) [testng-rt.jar:?]
Caused by: java.io.UncheckedIOException: java.net.ConnectException: Connection refused: no further information: localhost/0:0:0:0:0:0:0:1:4444
	at org.openqa.selenium.remote.http.netty.NettyHttpHandler.makeCall(NettyHttpHandler.java:73) ~[selenium-remote-driver-4.11.0.jar:?]
	at org.openqa.selenium.remote.http.AddSeleniumUserAgent.lambda$apply$0(AddSeleniumUserAgent.java:42) ~[selenium-http-4.11.0.jar:?]
	at org.openqa.selenium.remote.http.Filter.lambda$andFinally$1(Filter.java:55) ~[selenium-http-4.11.0.jar:?]
	at org.openqa.selenium.remote.http.netty.NettyHttpHandler.execute(NettyHttpHandler.java:48) ~[selenium-remote-driver-4.11.0.jar:?]
	at org.openqa.selenium.remote.http.netty.NettyClient.execute(NettyClient.java:96) ~[selenium-remote-driver-4.11.0.jar:?]
	at org.openqa.selenium.remote.tracing.TracedHttpClient.execute(TracedHttpClient.java:54) ~[selenium-remote-driver-4.11.0.jar:?]
	at org.openqa.selenium.remote.ProtocolHandshake.createSession(ProtocolHandshake.java:115) ~[selenium-remote-driver-4.11.0.jar:?]
	at org.openqa.selenium.remote.ProtocolHandshake.createSession(ProtocolHandshake.java:96) ~[selenium-remote-driver-4.11.0.jar:?]
	at org.openqa.selenium.remote.ProtocolHandshake.createSession(ProtocolHandshake.java:68) ~[selenium-remote-driver-4.11.0.jar:?]
	at org.openqa.selenium.remote.HttpCommandExecutor.execute(HttpCommandExecutor.java:163) ~[selenium-remote-driver-4.11.0.jar:?]
	at org.openqa.selenium.remote.TracedCommandExecutor.execute(TracedCommandExecutor.java:51) ~[selenium-remote-driver-4.11.0.jar:?]
	at org.openqa.selenium.remote.RemoteWebDriver.execute(RemoteWebDriver.java:518) ~[selenium-remote-driver-4.11.0.jar:?]
	... 37 more
Caused by: java.net.ConnectException: Connection refused: no further information: localhost/0:0:0:0:0:0:0:1:4444
	at org.asynchttpclient.netty.channel.NettyConnectListener.onFailure(NettyConnectListener.java:179) ~[async-http-client-2.12.3.jar:?]
	at org.asynchttpclient.netty.channel.NettyChannelConnector$1.onFailure(NettyChannelConnector.java:108) ~[async-http-client-2.12.3.jar:?]
	at org.asynchttpclient.netty.SimpleChannelFutureListener.operationComplete(SimpleChannelFutureListener.java:28) ~[async-http-client-2.12.3.jar:?]
	at org.asynchttpclient.netty.SimpleChannelFutureListener.operationComplete(SimpleChannelFutureListener.java:20) ~[async-http-client-2.12.3.jar:?]
	at io.netty.util.concurrent.DefaultPromise.notifyListener0(DefaultPromise.java:590) ~[netty-common-4.1.92.Final.jar:4.1.92.Final]
	at io.netty.util.concurrent.DefaultPromise.notifyListeners0(DefaultPromise.java:583) ~[netty-common-4.1.92.Final.jar:4.1.92.Final]
	at io.netty.util.concurrent.DefaultPromise.notifyListenersNow(DefaultPromise.java:559) ~[netty-common-4.1.92.Final.jar:4.1.92.Final]
	at io.netty.util.concurrent.DefaultPromise.notifyListeners(DefaultPromise.java:492) ~[netty-common-4.1.92.Final.jar:4.1.92.Final]
	at io.netty.util.concurrent.DefaultPromise.setValue0(DefaultPromise.java:636) ~[netty-common-4.1.92.Final.jar:4.1.92.Final]
	at io.netty.util.concurrent.DefaultPromise.setFailure0(DefaultPromise.java:629) ~[netty-common-4.1.92.Final.jar:4.1.92.Final]
	at io.netty.util.concurrent.DefaultPromise.tryFailure(DefaultPromise.java:118) ~[netty-common-4.1.92.Final.jar:4.1.92.Final]
	at io.netty.channel.nio.AbstractNioChannel$AbstractNioUnsafe.fulfillConnectPromise(AbstractNioChannel.java:321) ~[netty-transport-4.1.92.Final.jar:4.1.92.Final]
	at io.netty.channel.nio.AbstractNioChannel$AbstractNioUnsafe.finishConnect(AbstractNioChannel.java:337) ~[netty-transport-4.1.92.Final.jar:4.1.92.Final]
	at io.netty.channel.nio.NioEventLoop.processSelectedKey(NioEventLoop.java:776) ~[netty-transport-4.1.92.Final.jar:4.1.92.Final]
	at io.netty.channel.nio.NioEventLoop.processSelectedKeysOptimized(NioEventLoop.java:724) ~[netty-transport-4.1.92.Final.jar:4.1.92.Final]
	at io.netty.channel.nio.NioEventLoop.processSelectedKeys(NioEventLoop.java:650) ~[netty-transport-4.1.92.Final.jar:4.1.92.Final]
	at io.netty.channel.nio.NioEventLoop.run(NioEventLoop.java:562) ~[netty-transport-4.1.92.Final.jar:4.1.92.Final]
	at io.netty.util.concurrent.SingleThreadEventExecutor$4.run(SingleThreadEventExecutor.java:997) ~[netty-common-4.1.92.Final.jar:4.1.92.Final]
	at io.netty.util.internal.ThreadExecutorMap$2.run(ThreadExecutorMap.java:74) ~[netty-common-4.1.92.Final.jar:4.1.92.Final]
	at io.netty.util.concurrent.FastThreadLocalRunnable.run(FastThreadLocalRunnable.java:30) ~[netty-common-4.1.92.Final.jar:4.1.92.Final]
	at java.lang.Thread.run(Thread.java:834) ~[?:?]
Caused by: io.netty.channel.AbstractChannel$AnnotatedConnectException: Connection refused: no further information: localhost/0:0:0:0:0:0:0:1:4444
Caused by: java.net.ConnectException: Connection refused: no further information
	at sun.nio.ch.SocketChannelImpl.checkConnect(Native Method) ~[?:?]
	at sun.nio.ch.SocketChannelImpl.finishConnect(SocketChannelImpl.java:779) ~[?:?]
	at io.netty.channel.socket.nio.NioSocketChannel.doFinishConnect(NioSocketChannel.java:337) ~[netty-transport-4.1.92.Final.jar:4.1.92.Final]
	at io.netty.channel.nio.AbstractNioChannel$AbstractNioUnsafe.finishConnect(AbstractNioChannel.java:334) ~[netty-transport-4.1.92.Final.jar:4.1.92.Final]
	at io.netty.channel.nio.NioEventLoop.processSelectedKey(NioEventLoop.java:776) ~[netty-transport-4.1.92.Final.jar:4.1.92.Final]
	at io.netty.channel.nio.NioEventLoop.processSelectedKeysOptimized(NioEventLoop.java:724) ~[netty-transport-4.1.92.Final.jar:4.1.92.Final]
	at io.netty.channel.nio.NioEventLoop.processSelectedKeys(NioEventLoop.java:650) ~[netty-transport-4.1.92.Final.jar:4.1.92.Final]
	at io.netty.channel.nio.NioEventLoop.run(NioEventLoop.java:562) ~[netty-transport-4.1.92.Final.jar:4.1.92.Final]
	at io.netty.util.concurrent.SingleThreadEventExecutor$4.run(SingleThreadEventExecutor.java:997) ~[netty-common-4.1.92.Final.jar:4.1.92.Final]
	at io.netty.util.internal.ThreadExecutorMap$2.run(ThreadExecutorMap.java:74) ~[netty-common-4.1.92.Final.jar:4.1.92.Final]
	at io.netty.util.concurrent.FastThreadLocalRunnable.run(FastThreadLocalRunnable.java:30) ~[netty-common-4.1.92.Final.jar:4.1.92.Final]
	at java.lang.Thread.run(Thread.java:834) ~[?:?]
2025-10-27 21:32:55.967 [main] WARN  com.UI.tests.LoginTest - Unexpected test status for test: testSuccessfulLogin
2025-10-27 21:32:55.972 [main] INFO  com.UI.tests.LoginTest - Starting test: testSuccessfulLogin2
2025-10-27 21:32:55.972 [main] INFO  com.UI.drivers.DriverManager - Initializing WebDriver: Browser=chrome, Mode=grid, Headless=false
2025-10-27 21:32:55.983 [main] ERROR com.UI.drivers.DriverManager - Failed to initialize WebDriver
org.openqa.selenium.SessionNotCreatedException: Could not start a new session. Possible causes are invalid address of the remote server or browser start-up failure. 
Host info: host: 'OTX-G2FKLX3', ip: '192.168.29.14'
Build info: version: '4.11.0', revision: '040bc5406b'
System info: os.name: 'Windows 11', os.arch: 'amd64', os.version: '10.0', java.version: '11.0.22'
Driver info: org.openqa.selenium.remote.RemoteWebDriver
Command: [null, newSession {capabilities=[Capabilities {browserName: chrome, goog:chromeOptions: {args: [--remote-allow-origins=*, --no-sandbox, --disable-dev-shm-usage], extensions: []}}]}]
Capabilities {browserName: chrome, goog:chromeOptions: {args: [--remote-allow-origins=*, --no-sandbox, --disable-dev-shm-usage], extensions: []}}
	at org.openqa.selenium.remote.RemoteWebDriver.execute(RemoteWebDriver.java:536) ~[selenium-remote-driver-4.11.0.jar:?]
	at org.openqa.selenium.remote.RemoteWebDriver.startSession(RemoteWebDriver.java:232) ~[selenium-remote-driver-4.11.0.jar:?]
	at org.openqa.selenium.remote.RemoteWebDriver.<init>(RemoteWebDriver.java:159) ~[selenium-remote-driver-4.11.0.jar:?]
	at org.openqa.selenium.remote.RemoteWebDriver.<init>(RemoteWebDriver.java:139) ~[selenium-remote-driver-4.11.0.jar:?]
	at com.UI.drivers.DriverManager.initializeRemoteDriver(DriverManager.java:129) ~[classes/:?]
	at com.UI.drivers.DriverManager.initializeDriver(DriverManager.java:50) ~[classes/:?]
	at com.UI.base.BaseTest.setup(BaseTest.java:65) ~[test-classes/:?]
	at jdk.internal.reflect.NativeMethodAccessorImpl.invoke0(Native Method) ~[?:?]
	at jdk.internal.reflect.NativeMethodAccessorImpl.invoke(NativeMethodAccessorImpl.java:62) ~[?:?]
	at jdk.internal.reflect.DelegatingMethodAccessorImpl.invoke(DelegatingMethodAccessorImpl.java:43) ~[?:?]
	at java.lang.reflect.Method.invoke(Method.java:566) ~[?:?]
	at org.testng.internal.invokers.MethodInvocationHelper.invokeMethod(MethodInvocationHelper.java:139) ~[testng-7.8.0.jar:7.8.0]
	at org.testng.internal.invokers.MethodInvocationHelper.invokeMethodConsideringTimeout(MethodInvocationHelper.java:69) ~[testng-7.8.0.jar:7.8.0]
	at org.testng.internal.invokers.ConfigInvoker.invokeConfigurationMethod(ConfigInvoker.java:390) ~[testng-7.8.0.jar:7.8.0]
	at org.testng.internal.invokers.ConfigInvoker.invokeConfigurations(ConfigInvoker.java:325) ~[testng-7.8.0.jar:7.8.0]
	at org.testng.internal.invokers.TestInvoker.runConfigMethods(TestInvoker.java:810) ~[testng-7.8.0.jar:7.8.0]
	at org.testng.internal.invokers.TestInvoker.invokeMethod(TestInvoker.java:577) ~[testng-7.8.0.jar:7.8.0]
	at org.testng.internal.invokers.TestInvoker.invokeTestMethod(TestInvoker.java:227) ~[testng-7.8.0.jar:7.8.0]
	at org.testng.internal.invokers.MethodRunner.runInSequence(MethodRunner.java:50) ~[testng-7.8.0.jar:7.8.0]
	at org.testng.internal.invokers.TestInvoker$MethodInvocationAgent.invoke(TestInvoker.java:957) ~[testng-7.8.0.jar:7.8.0]
	at org.testng.internal.invokers.TestInvoker.invokeTestMethods(TestInvoker.java:200) ~[testng-7.8.0.jar:7.8.0]
	at org.testng.internal.invokers.TestMethodWorker.invokeTestMethods(TestMethodWorker.java:148) ~[testng-7.8.0.jar:7.8.0]
	at org.testng.internal.invokers.TestMethodWorker.run(TestMethodWorker.java:128) ~[testng-7.8.0.jar:7.8.0]
	at java.util.ArrayList.forEach(ArrayList.java:1541) [?:?]
	at org.testng.TestRunner.privateRun(TestRunner.java:848) [testng-7.8.0.jar:7.8.0]
	at org.testng.TestRunner.run(TestRunner.java:621) [testng-7.8.0.jar:7.8.0]
	at org.testng.SuiteRunner.runTest(SuiteRunner.java:443) [testng-7.8.0.jar:7.8.0]
	at org.testng.SuiteRunner.runSequentially(SuiteRunner.java:437) [testng-7.8.0.jar:7.8.0]
	at org.testng.SuiteRunner.privateRun(SuiteRunner.java:397) [testng-7.8.0.jar:7.8.0]
	at org.testng.SuiteRunner.run(SuiteRunner.java:336) [testng-7.8.0.jar:7.8.0]
	at org.testng.SuiteRunnerWorker.runSuite(SuiteRunnerWorker.java:52) [testng-7.8.0.jar:7.8.0]
	at org.testng.SuiteRunnerWorker.run(SuiteRunnerWorker.java:95) [testng-7.8.0.jar:7.8.0]
	at org.testng.TestNG.runSuitesSequentially(TestNG.java:1280) [testng-7.8.0.jar:7.8.0]
	at org.testng.TestNG.runSuitesLocally(TestNG.java:1200) [testng-7.8.0.jar:7.8.0]
	at org.testng.TestNG.runSuites(TestNG.java:1114) [testng-7.8.0.jar:7.8.0]
	at org.testng.TestNG.run(TestNG.java:1082) [testng-7.8.0.jar:7.8.0]
	at com.intellij.rt.testng.IDEARemoteTestNG.run(IDEARemoteTestNG.java:65) [testng-rt.jar:?]
	at com.intellij.rt.testng.RemoteTestNGStarter.main(RemoteTestNGStarter.java:105) [testng-rt.jar:?]
Caused by: java.io.UncheckedIOException: java.net.ConnectException: Connection refused: no further information: localhost/0:0:0:0:0:0:0:1:4444
	at org.openqa.selenium.remote.http.netty.NettyHttpHandler.makeCall(NettyHttpHandler.java:73) ~[selenium-remote-driver-4.11.0.jar:?]
	at org.openqa.selenium.remote.http.AddSeleniumUserAgent.lambda$apply$0(AddSeleniumUserAgent.java:42) ~[selenium-http-4.11.0.jar:?]
	at org.openqa.selenium.remote.http.Filter.lambda$andFinally$1(Filter.java:55) ~[selenium-http-4.11.0.jar:?]
	at org.openqa.selenium.remote.http.netty.NettyHttpHandler.execute(NettyHttpHandler.java:48) ~[selenium-remote-driver-4.11.0.jar:?]
	at org.openqa.selenium.remote.http.netty.NettyClient.execute(NettyClient.java:96) ~[selenium-remote-driver-4.11.0.jar:?]
	at org.openqa.selenium.remote.tracing.TracedHttpClient.execute(TracedHttpClient.java:54) ~[selenium-remote-driver-4.11.0.jar:?]
	at org.openqa.selenium.remote.ProtocolHandshake.createSession(ProtocolHandshake.java:115) ~[selenium-remote-driver-4.11.0.jar:?]
	at org.openqa.selenium.remote.ProtocolHandshake.createSession(ProtocolHandshake.java:96) ~[selenium-remote-driver-4.11.0.jar:?]
	at org.openqa.selenium.remote.ProtocolHandshake.createSession(ProtocolHandshake.java:68) ~[selenium-remote-driver-4.11.0.jar:?]
	at org.openqa.selenium.remote.HttpCommandExecutor.execute(HttpCommandExecutor.java:163) ~[selenium-remote-driver-4.11.0.jar:?]
	at org.openqa.selenium.remote.TracedCommandExecutor.execute(TracedCommandExecutor.java:51) ~[selenium-remote-driver-4.11.0.jar:?]
	at org.openqa.selenium.remote.RemoteWebDriver.execute(RemoteWebDriver.java:518) ~[selenium-remote-driver-4.11.0.jar:?]
	... 37 more
Caused by: java.net.ConnectException: Connection refused: no further information: localhost/0:0:0:0:0:0:0:1:4444
	at org.asynchttpclient.netty.channel.NettyConnectListener.onFailure(NettyConnectListener.java:179) ~[async-http-client-2.12.3.jar:?]
	at org.asynchttpclient.netty.channel.NettyChannelConnector$1.onFailure(NettyChannelConnector.java:108) ~[async-http-client-2.12.3.jar:?]
	at org.asynchttpclient.netty.SimpleChannelFutureListener.operationComplete(SimpleChannelFutureListener.java:28) ~[async-http-client-2.12.3.jar:?]
	at org.asynchttpclient.netty.SimpleChannelFutureListener.operationComplete(SimpleChannelFutureListener.java:20) ~[async-http-client-2.12.3.jar:?]
	at io.netty.util.concurrent.DefaultPromise.notifyListener0(DefaultPromise.java:590) ~[netty-common-4.1.92.Final.jar:4.1.92.Final]
	at io.netty.util.concurrent.DefaultPromise.notifyListeners0(DefaultPromise.java:583) ~[netty-common-4.1.92.Final.jar:4.1.92.Final]
	at io.netty.util.concurrent.DefaultPromise.notifyListenersNow(DefaultPromise.java:559) ~[netty-common-4.1.92.Final.jar:4.1.92.Final]
	at io.netty.util.concurrent.DefaultPromise.notifyListeners(DefaultPromise.java:492) ~[netty-common-4.1.92.Final.jar:4.1.92.Final]
	at io.netty.util.concurrent.DefaultPromise.setValue0(DefaultPromise.java:636) ~[netty-common-4.1.92.Final.jar:4.1.92.Final]
	at io.netty.util.concurrent.DefaultPromise.setFailure0(DefaultPromise.java:629) ~[netty-common-4.1.92.Final.jar:4.1.92.Final]
	at io.netty.util.concurrent.DefaultPromise.tryFailure(DefaultPromise.java:118) ~[netty-common-4.1.92.Final.jar:4.1.92.Final]
	at io.netty.channel.nio.AbstractNioChannel$AbstractNioUnsafe.fulfillConnectPromise(AbstractNioChannel.java:321) ~[netty-transport-4.1.92.Final.jar:4.1.92.Final]
	at io.netty.channel.nio.AbstractNioChannel$AbstractNioUnsafe.finishConnect(AbstractNioChannel.java:337) ~[netty-transport-4.1.92.Final.jar:4.1.92.Final]
	at io.netty.channel.nio.NioEventLoop.processSelectedKey(NioEventLoop.java:776) ~[netty-transport-4.1.92.Final.jar:4.1.92.Final]
	at io.netty.channel.nio.NioEventLoop.processSelectedKeysOptimized(NioEventLoop.java:724) ~[netty-transport-4.1.92.Final.jar:4.1.92.Final]
	at io.netty.channel.nio.NioEventLoop.processSelectedKeys(NioEventLoop.java:650) ~[netty-transport-4.1.92.Final.jar:4.1.92.Final]
	at io.netty.channel.nio.NioEventLoop.run(NioEventLoop.java:562) ~[netty-transport-4.1.92.Final.jar:4.1.92.Final]
	at io.netty.util.concurrent.SingleThreadEventExecutor$4.run(SingleThreadEventExecutor.java:997) ~[netty-common-4.1.92.Final.jar:4.1.92.Final]
	at io.netty.util.internal.ThreadExecutorMap$2.run(ThreadExecutorMap.java:74) ~[netty-common-4.1.92.Final.jar:4.1.92.Final]
	at io.netty.util.concurrent.FastThreadLocalRunnable.run(FastThreadLocalRunnable.java:30) ~[netty-common-4.1.92.Final.jar:4.1.92.Final]
	at java.lang.Thread.run(Thread.java:834) ~[?:?]
Caused by: io.netty.channel.AbstractChannel$AnnotatedConnectException: Connection refused: no further information: localhost/0:0:0:0:0:0:0:1:4444
Caused by: java.net.ConnectException: Connection refused: no further information
	at sun.nio.ch.SocketChannelImpl.checkConnect(Native Method) ~[?:?]
	at sun.nio.ch.SocketChannelImpl.finishConnect(SocketChannelImpl.java:779) ~[?:?]
	at io.netty.channel.socket.nio.NioSocketChannel.doFinishConnect(NioSocketChannel.java:337) ~[netty-transport-4.1.92.Final.jar:4.1.92.Final]
	at io.netty.channel.nio.AbstractNioChannel$AbstractNioUnsafe.finishConnect(AbstractNioChannel.java:334) ~[netty-transport-4.1.92.Final.jar:4.1.92.Final]
	at io.netty.channel.nio.NioEventLoop.processSelectedKey(NioEventLoop.java:776) ~[netty-transport-4.1.92.Final.jar:4.1.92.Final]
	at io.netty.channel.nio.NioEventLoop.processSelectedKeysOptimized(NioEventLoop.java:724) ~[netty-transport-4.1.92.Final.jar:4.1.92.Final]
	at io.netty.channel.nio.NioEventLoop.processSelectedKeys(NioEventLoop.java:650) ~[netty-transport-4.1.92.Final.jar:4.1.92.Final]
	at io.netty.channel.nio.NioEventLoop.run(NioEventLoop.java:562) ~[netty-transport-4.1.92.Final.jar:4.1.92.Final]
	at io.netty.util.concurrent.SingleThreadEventExecutor$4.run(SingleThreadEventExecutor.java:997) ~[netty-common-4.1.92.Final.jar:4.1.92.Final]
	at io.netty.util.internal.ThreadExecutorMap$2.run(ThreadExecutorMap.java:74) ~[netty-common-4.1.92.Final.jar:4.1.92.Final]
	at io.netty.util.concurrent.FastThreadLocalRunnable.run(FastThreadLocalRunnable.java:30) ~[netty-common-4.1.92.Final.jar:4.1.92.Final]
	at java.lang.Thread.run(Thread.java:834) ~[?:?]
2025-10-27 21:32:55.995 [main] WARN  com.UI.tests.LoginTest - Unexpected test status for test: testSuccessfulLogin2
2025-10-27 21:32:56.247 [main] INFO  com.UI.reports.ExtentReportManager - ExtentReports flushed to disk
2025-10-27 21:32:56.248 [main] INFO  com.UI.tests.LoginTest - Test Suite completed
2025-10-27 21:52:37.767 [main] INFO  com.UI.config.ConfigManager - Configuration properties loaded successfully
2025-10-27 21:52:38.019 [main] INFO  com.UI.reports.ExtentReportManager - ExtentReports initialized. Report will be saved to: test-output/reports\TestReport_20251027_215237.html
2025-10-27 21:52:38.019 [main] INFO  com.UI.tests.ExcelDrivenLoginTest - Test Suite setup completed
2025-10-27 21:52:38.027 [main] INFO  com.UI.listeners.TestListener - Test Suite started: Dummy Site Tests
2025-10-27 21:52:38.027 [main] INFO  com.UI.listeners.AllureListener - Test Suite started: Dummy Site Tests
2025-10-27 21:52:38.058 [TestNG-test=Dummy Site Tests-2] INFO  com.UI.tests.LoginTest - Starting test: testSuccessfulLogin
2025-10-27 21:52:38.061 [TestNG-test=Dummy Site Tests-2] INFO  com.UI.drivers.DriverManager - Initializing WebDriver: Browser=chrome, Mode=local, Headless=false
2025-10-27 21:52:39.147 [TestNG-test=Dummy Site Tests-1] INFO  com.UI.utils.ExcelUtil - Successfully read 2 rows from Excel file: src/test/resources/testdata/login_test_data.xlsx
2025-10-27 21:52:39.154 [TestNG-test=Dummy Site Tests-1] INFO  com.UI.tests.ExcelDrivenLoginTest - Starting test: testLoginWithExcelData
2025-10-27 21:52:39.155 [TestNG-test=Dummy Site Tests-1] INFO  com.UI.tests.ExcelDrivenLoginTest - Test Parameters: {password=admin, expectedError=, shouldSucceed=true, username=admin}
2025-10-27 21:52:39.155 [TestNG-test=Dummy Site Tests-1] INFO  com.UI.drivers.DriverManager - Initializing WebDriver: Browser=chrome, Mode=local, Headless=false
2025-10-27 21:52:40.566 [TestNG-test=Dummy Site Tests-1] INFO  com.UI.drivers.DriverManager - WebDriver initialized successfully
2025-10-27 21:52:40.566 [TestNG-test=Dummy Site Tests-2] INFO  com.UI.drivers.DriverManager - WebDriver initialized successfully
2025-10-27 21:52:40.651 [TestNG-test=Dummy Site Tests-1] INFO  com.UI.listeners.TestListener - Test started: testLoginWithExcelData
2025-10-27 21:52:40.651 [TestNG-test=Dummy Site Tests-2] INFO  com.UI.listeners.TestListener - Test started: testSuccessfulLogin
2025-10-27 21:52:40.651 [TestNG-test=Dummy Site Tests-1] INFO  com.UI.listeners.TestListener - Test parameters: {password=admin, expectedError=, shouldSucceed=true, username=admin}
2025-10-27 21:52:40.651 [TestNG-test=Dummy Site Tests-2] INFO  com.UI.listeners.AllureListener - Starting test: testSuccessfulLogin
2025-10-27 21:52:40.651 [TestNG-test=Dummy Site Tests-1] INFO  com.UI.listeners.AllureListener - Starting test: testLoginWithExcelData
2025-10-27 21:52:40.652 [TestNG-test=Dummy Site Tests-1] INFO  com.UI.tests.ExcelDrivenLoginTest - Testing login with username: admin
2025-10-27 21:52:44.587 [TestNG-test=Dummy Site Tests-2] INFO  com.UI.pages.LoginPage - Navigated to URL: http://10.119.32.132:8084/da/
2025-10-27 21:52:44.587 [TestNG-test=Dummy Site Tests-2] INFO  com.UI.pages.LoginPage - Navigated to Login page
2025-10-27 21:52:44.835 [TestNG-test=Dummy Site Tests-1] INFO  com.UI.pages.LoginPage - Navigated to URL: http://10.119.32.132:8084/da/
2025-10-27 21:52:44.835 [TestNG-test=Dummy Site Tests-1] INFO  com.UI.pages.LoginPage - Navigated to Login page
2025-10-27 21:52:44.884 [TestNG-test=Dummy Site Tests-2] INFO  com.UI.pages.LoginPage - Sent Value to User name field
2025-10-27 21:52:45.760 [TestNG-test=Dummy Site Tests-2] INFO  com.UI.pages.LoginPage - Sent Value to Password field
2025-10-27 21:52:45.826 [TestNG-test=Dummy Site Tests-1] INFO  com.UI.pages.LoginPage - Sent Value to User name field
2025-10-27 21:52:45.975 [TestNG-test=Dummy Site Tests-1] INFO  com.UI.pages.LoginPage - Sent Value to Password field
2025-10-27 21:52:46.121 [TestNG-test=Dummy Site Tests-1] INFO  com.UI.pages.LoginPage - Clicked user profile link
2025-10-27 21:52:46.121 [TestNG-test=Dummy Site Tests-1] INFO  com.UI.tests.ExcelDrivenLoginTest - Successfully logged in
2025-10-27 21:52:46.126 [TestNG-test=Dummy Site Tests-1] INFO  com.UI.listeners.AllureListener - Test passed: testLoginWithExcelData
2025-10-27 21:52:46.126 [TestNG-test=Dummy Site Tests-1] INFO  com.UI.listeners.TestListener - Test passed: testLoginWithExcelData
2025-10-27 21:52:46.162 [TestNG-test=Dummy Site Tests-1] INFO  com.UI.tests.ExcelDrivenLoginTest - Test passed: testLoginWithExcelData
2025-10-27 21:52:46.569 [TestNG-test=Dummy Site Tests-1] INFO  com.UI.drivers.DriverManager - WebDriver closed and removed from ThreadLocal
2025-10-27 21:52:46.571 [TestNG-test=Dummy Site Tests-1] INFO  com.UI.tests.ExcelDrivenLoginTest - Starting test: testLoginWithExcelData
2025-10-27 21:52:46.577 [TestNG-test=Dummy Site Tests-1] INFO  com.UI.tests.ExcelDrivenLoginTest - Test Parameters: {password=12234.0, expectedError=, shouldSucceed=false, username=admin}
2025-10-27 21:52:46.577 [TestNG-test=Dummy Site Tests-1] INFO  com.UI.drivers.DriverManager - Initializing WebDriver: Browser=chrome, Mode=local, Headless=false
2025-10-27 21:52:47.567 [TestNG-test=Dummy Site Tests-1] INFO  com.UI.drivers.DriverManager - WebDriver initialized successfully
2025-10-27 21:52:47.577 [TestNG-test=Dummy Site Tests-1] INFO  com.UI.listeners.TestListener - Test started: testLoginWithExcelData
2025-10-27 21:52:47.577 [TestNG-test=Dummy Site Tests-1] INFO  com.UI.listeners.TestListener - Test parameters: {password=12234.0, expectedError=, shouldSucceed=false, username=admin}
2025-10-27 21:52:47.577 [TestNG-test=Dummy Site Tests-1] INFO  com.UI.listeners.AllureListener - Starting test: testLoginWithExcelData
2025-10-27 21:52:47.577 [TestNG-test=Dummy Site Tests-1] INFO  com.UI.tests.ExcelDrivenLoginTest - Testing login with username: admin
2025-10-27 21:52:51.816 [TestNG-test=Dummy Site Tests-1] INFO  com.UI.pages.LoginPage - Navigated to URL: http://10.119.32.132:8084/da/
2025-10-27 21:52:51.816 [TestNG-test=Dummy Site Tests-1] INFO  com.UI.pages.LoginPage - Navigated to Login page
2025-10-27 21:52:52.982 [TestNG-test=Dummy Site Tests-1] INFO  com.UI.pages.LoginPage - Sent Value to User name field
2025-10-27 21:52:53.143 [TestNG-test=Dummy Site Tests-1] INFO  com.UI.pages.LoginPage - Sent Value to Password field
2025-10-27 21:52:53.272 [TestNG-test=Dummy Site Tests-1] INFO  com.UI.pages.LoginPage - Clicked user profile link
2025-10-27 21:52:53.272 [TestNG-test=Dummy Site Tests-1] INFO  com.UI.tests.ExcelDrivenLoginTest - Failed to log in
2025-10-27 21:52:53.272 [TestNG-test=Dummy Site Tests-1] INFO  com.UI.listeners.AllureListener - Test passed: testLoginWithExcelData
2025-10-27 21:52:53.272 [TestNG-test=Dummy Site Tests-1] INFO  com.UI.listeners.TestListener - Test passed: testLoginWithExcelData
2025-10-27 21:52:53.279 [TestNG-test=Dummy Site Tests-1] INFO  com.UI.tests.ExcelDrivenLoginTest - Test passed: testLoginWithExcelData
2025-10-27 21:52:53.606 [TestNG-test=Dummy Site Tests-1] INFO  com.UI.drivers.DriverManager - WebDriver closed and removed from ThreadLocal
2025-10-27 21:52:57.863 [TestNG-test=Dummy Site Tests-2] INFO  com.UI.pages.LoginPage - Clicked user profile link
2025-10-27 21:52:57.863 [TestNG-test=Dummy Site Tests-2] INFO  com.UI.listeners.AllureListener - Test passed: testSuccessfulLogin
2025-10-27 21:52:57.863 [TestNG-test=Dummy Site Tests-2] INFO  com.UI.listeners.TestListener - Test passed: testSuccessfulLogin
2025-10-27 21:52:57.875 [TestNG-test=Dummy Site Tests-2] INFO  com.UI.tests.LoginTest - Test passed: testSuccessfulLogin
2025-10-27 21:52:58.524 [TestNG-test=Dummy Site Tests-2] INFO  com.UI.drivers.DriverManager - WebDriver closed and removed from ThreadLocal
2025-10-27 21:52:58.526 [TestNG-test=Dummy Site Tests-2] INFO  com.UI.tests.LoginTest - Starting test: testSuccessfulLogin2
2025-10-27 21:52:58.526 [TestNG-test=Dummy Site Tests-2] INFO  com.UI.drivers.DriverManager - Initializing WebDriver: Browser=chrome, Mode=local, Headless=false
2025-10-27 21:52:59.716 [TestNG-test=Dummy Site Tests-2] INFO  com.UI.drivers.DriverManager - WebDriver initialized successfully
2025-10-27 21:52:59.732 [TestNG-test=Dummy Site Tests-2] INFO  com.UI.listeners.TestListener - Test started: testSuccessfulLogin2
2025-10-27 21:52:59.732 [TestNG-test=Dummy Site Tests-2] INFO  com.UI.listeners.AllureListener - Starting test: testSuccessfulLogin2
2025-10-27 21:53:03.998 [TestNG-test=Dummy Site Tests-2] INFO  com.UI.pages.LoginPage - Navigated to URL: http://10.119.32.132:8084/da/
2025-10-27 21:53:03.998 [TestNG-test=Dummy Site Tests-2] INFO  com.UI.pages.LoginPage - Navigated to Login page
2025-10-27 21:53:04.767 [TestNG-test=Dummy Site Tests-2] INFO  com.UI.pages.LoginPage - Sent Value to User name field
2025-10-27 21:53:04.838 [TestNG-test=Dummy Site Tests-2] INFO  com.UI.pages.LoginPage - Sent Value to Password field
2025-10-27 21:53:04.902 [TestNG-test=Dummy Site Tests-2] INFO  com.UI.pages.LoginPage - Clicked user profile link
2025-10-27 21:53:04.902 [TestNG-test=Dummy Site Tests-2] INFO  com.UI.listeners.AllureListener - Test passed: testSuccessfulLogin2
2025-10-27 21:53:04.902 [TestNG-test=Dummy Site Tests-2] INFO  com.UI.listeners.TestListener - Test passed: testSuccessfulLogin2
2025-10-27 21:53:04.902 [TestNG-test=Dummy Site Tests-2] INFO  com.UI.tests.LoginTest - Test passed: testSuccessfulLogin2
2025-10-27 21:53:05.179 [TestNG-test=Dummy Site Tests-2] INFO  com.UI.drivers.DriverManager - WebDriver closed and removed from ThreadLocal
2025-10-27 21:53:05.181 [main] INFO  com.UI.listeners.AllureListener - Test Suite finished: Dummy Site Tests
2025-10-27 21:53:05.181 [main] INFO  com.UI.listeners.TestListener - Test Suite finished: Dummy Site Tests
2025-10-27 21:53:05.181 [main] INFO  com.UI.listeners.TestListener - Test Results Summary - Passed: 4, Failed: 0, Skipped: 0
2025-10-27 21:53:05.444 [main] INFO  com.UI.reports.ExtentReportManager - ExtentReports flushed to disk
2025-10-27 21:53:05.444 [main] INFO  com.UI.tests.ExcelDrivenLoginTest - Test Suite completed
2025-10-27 22:51:56.680 [main] INFO  com.UI.config.ConfigManager - Configuration properties loaded successfully
2025-10-27 22:51:56.939 [main] INFO  com.UI.reports.ExtentReportManager - ExtentReports initialized. Report will be saved to: test-output/reports\TestReport_20251027_225156.html
2025-10-27 22:51:56.939 [main] INFO  com.UI.tests.LoginTest - Test Suite setup completed
2025-10-27 22:51:56.980 [main] INFO  com.UI.tests.LoginTest - Starting test: testSuccessfulLogin
2025-10-27 22:51:56.981 [main] INFO  com.UI.drivers.DriverManager - Initializing WebDriver: Browser=chrome, Mode=remote, Headless=false
2025-10-27 22:52:02.359 [main] INFO  com.UI.drivers.DriverManager - WebDriver initialized successfully
2025-10-27 22:52:07.059 [main] INFO  com.UI.pages.LoginPage - Navigated to URL: http://10.119.32.132:8084/da/
2025-10-27 22:52:07.059 [main] INFO  com.UI.pages.LoginPage - Navigated to Login page
2025-10-27 22:52:09.267 [main] INFO  com.UI.pages.LoginPage - Sent Value to User name field
2025-10-27 22:52:09.667 [main] INFO  com.UI.pages.LoginPage - Sent Value to Password field
2025-10-27 22:52:40.273 [main] ERROR com.UI.tests.LoginTest - Test failed: testSuccessfulLogin
2025-10-27 22:52:40.276 [main] ERROR com.UI.tests.LoginTest - Failure reason: timeout: Timed out receiving message from renderer: 30.000
  (Session info: chrome=141.0.7390.107)
Build info: version: '4.11.0', revision: '040bc5406b'
System info: os.name: 'Windows 11', os.arch: 'amd64', os.version: '10.0', java.version: '11.0.22'
Driver info: org.openqa.selenium.remote.RemoteWebDriver
Command: [9516be041d7ddfc3cfe6a2a608ba613b, clickElement {id=f.12B37715DF1CC1045689D5B7A71FDF26.d.C7255964BB56FE3325DCA0C5B0EF25CF.e.8}]
Capabilities {acceptInsecureCerts: false, browserName: chrome, browserVersion: 141.0.7390.107, chrome: {chromedriverVersion: 141.0.7390.78 (2b53b0e231fc..., userDataDir: /tmp/.org.chromium.Chromium...}, fedcm:accounts: true, goog:chromeOptions: {debuggerAddress: localhost:35049}, networkConnectionEnabled: false, pageLoadStrategy: normal, platformName: linux, proxy: Proxy(), se:bidiEnabled: false, se:cdp: ws://10.1.0.16:4444/session..., se:cdpVersion: 141.0.7390.107, se:containerName: selenium-node-chrome-64554b..., se:deleteSessionOnUi: true, se:downloadsEnabled: true, se:noVncPort: 7900, se:vnc: ws://10.1.0.16:4444/session..., se:vncEnabled: true, se:vncLocalAddress: ws://10.1.0.16:7900, setWindowRect: true, strictFileInteractability: false, timeouts: {implicit: 0, pageLoad: 300000, script: 30000}, unhandledPromptBehavior: dismiss and notify, webauthn:extension:credBlob: true, webauthn:extension:largeBlob: true, webauthn:extension:minPinLength: true, webauthn:extension:prf: true, webauthn:virtualAuthenticators: true}
Element: [[RemoteWebDriver: chrome on linux (9516be041d7ddfc3cfe6a2a608ba613b)] -> id: login-submit-btn]
Session ID: 9516be041d7ddfc3cfe6a2a608ba613b
2025-10-27 22:52:40.660 [main] INFO  com.UI.drivers.DriverManager - WebDriver closed and removed from ThreadLocal
2025-10-27 22:52:40.681 [main] INFO  com.UI.tests.LoginTest - Starting test: testSuccessfulLogin2
2025-10-27 22:52:40.682 [main] INFO  com.UI.drivers.DriverManager - Initializing WebDriver: Browser=chrome, Mode=remote, Headless=false
2025-10-27 22:52:45.929 [main] INFO  com.UI.drivers.DriverManager - WebDriver initialized successfully
2025-10-27 22:52:51.024 [main] INFO  com.UI.pages.LoginPage - Navigated to URL: http://10.119.32.132:8084/da/
2025-10-27 22:52:51.024 [main] INFO  com.UI.pages.LoginPage - Navigated to Login page
2025-10-27 22:52:52.516 [main] INFO  com.UI.pages.LoginPage - Sent Value to User name field
2025-10-27 22:52:52.847 [main] INFO  com.UI.pages.LoginPage - Sent Value to Password field
2025-10-27 22:53:23.355 [main] ERROR com.UI.tests.LoginTest - Test failed: testSuccessfulLogin2
2025-10-27 22:53:23.358 [main] ERROR com.UI.tests.LoginTest - Failure reason: timeout: Timed out receiving message from renderer: 30.000
  (Session info: chrome=141.0.7390.107)
Build info: version: '4.11.0', revision: '040bc5406b'
System info: os.name: 'Windows 11', os.arch: 'amd64', os.version: '10.0', java.version: '11.0.22'
Driver info: org.openqa.selenium.remote.RemoteWebDriver
Command: [92462c30cf2d6b73c0156113278515b3, clickElement {id=f.E80CFD37605EA0DDFC40224CB2A0C964.d.A416D620F01776138F59C124E941E02F.e.8}]
Capabilities {acceptInsecureCerts: false, browserName: chrome, browserVersion: 141.0.7390.107, chrome: {chromedriverVersion: 141.0.7390.78 (2b53b0e231fc..., userDataDir: /tmp/.org.chromium.Chromium...}, fedcm:accounts: true, goog:chromeOptions: {debuggerAddress: localhost:37691}, networkConnectionEnabled: false, pageLoadStrategy: normal, platformName: linux, proxy: Proxy(), se:bidiEnabled: false, se:cdp: ws://10.1.0.15:4444/session..., se:cdpVersion: 141.0.7390.107, se:containerName: selenium-node-chrome-64554b..., se:deleteSessionOnUi: true, se:downloadsEnabled: true, se:noVncPort: 7900, se:vnc: ws://10.1.0.15:4444/session..., se:vncEnabled: true, se:vncLocalAddress: ws://10.1.0.15:7900, setWindowRect: true, strictFileInteractability: false, timeouts: {implicit: 0, pageLoad: 300000, script: 30000}, unhandledPromptBehavior: dismiss and notify, webauthn:extension:credBlob: true, webauthn:extension:largeBlob: true, webauthn:extension:minPinLength: true, webauthn:extension:prf: true, webauthn:virtualAuthenticators: true}
Element: [[RemoteWebDriver: chrome on linux (92462c30cf2d6b73c0156113278515b3)] -> id: login-submit-btn]
Session ID: 92462c30cf2d6b73c0156113278515b3
2025-10-27 22:53:23.733 [main] INFO  com.UI.drivers.DriverManager - WebDriver closed and removed from ThreadLocal
2025-10-27 22:53:24.960 [main] INFO  com.UI.reports.ExtentReportManager - ExtentReports flushed to disk
2025-10-27 22:53:24.960 [main] INFO  com.UI.tests.LoginTest - Test Suite completed
